{
  "C:\\Users\\jerom\\Projets\\Testez-une-application-full-stack\\front\\src\\app\\services\\session.service.ts": {
    "path": "C:\\Users\\jerom\\Projets\\Testez-une-application-full-stack\\front\\src\\app\\services\\session.service.ts",
    "statementMap": {
      "0": {
        "start": {
          "line": 8,
          "column": 0
        },
        "end": {
          "line": 8,
          "column": 6
        }
      },
      "1": {
        "start": {
          "line": 10,
          "column": 9
        },
        "end": {
          "line": 10,
          "column": 20
        }
      },
      "2": {
        "start": {
          "line": 13,
          "column": 10
        },
        "end": {
          "line": 13,
          "column": 28
        }
      },
      "3": {
        "start": {
          "line": 16,
          "column": 4
        },
        "end": {
          "line": 16,
          "column": 11
        }
      },
      "4": {
        "start": {
          "line": 20,
          "column": 4
        },
        "end": {
          "line": 20,
          "column": 9
        }
      },
      "5": {
        "start": {
          "line": 21,
          "column": 4
        },
        "end": {
          "line": 21,
          "column": 9
        }
      },
      "6": {
        "start": {
          "line": 22,
          "column": 4
        },
        "end": {
          "line": 22,
          "column": 9
        }
      },
      "7": {
        "start": {
          "line": 26,
          "column": 4
        },
        "end": {
          "line": 26,
          "column": 9
        }
      },
      "8": {
        "start": {
          "line": 27,
          "column": 4
        },
        "end": {
          "line": 27,
          "column": 9
        }
      },
      "9": {
        "start": {
          "line": 28,
          "column": 4
        },
        "end": {
          "line": 28,
          "column": 9
        }
      },
      "10": {
        "start": {
          "line": 32,
          "column": 4
        },
        "end": {
          "line": 32,
          "column": 9
        }
      },
      "11": {
        "start": {
          "line": 8,
          "column": 13
        },
        "end": {
          "line": 8,
          "column": 27
        }
      }
    },
    "fnMap": {
      "0": {
        "name": "(anonymous_0)",
        "decl": {
          "start": {
            "line": 8,
            "column": 0
          },
          "end": {
            "line": 8,
            "column": 6
          }
        },
        "loc": {
          "start": {
            "line": 8,
            "column": 0
          },
          "end": {
            "line": 8,
            "column": 6
          }
        }
      },
      "1": {
        "name": "(anonymous_1)",
        "decl": {
          "start": {
            "line": 5,
            "column": 0
          },
          "end": {
            "line": 5,
            "column": null
          }
        },
        "loc": {
          "start": {
            "line": 5,
            "column": 0
          },
          "end": {
            "line": 34,
            "column": null
          }
        }
      },
      "2": {
        "name": "(anonymous_2)",
        "decl": {
          "start": {
            "line": 15,
            "column": 9
          },
          "end": {
            "line": 15,
            "column": 18
          }
        },
        "loc": {
          "start": {
            "line": 15,
            "column": 18
          },
          "end": {
            "line": 17,
            "column": null
          }
        }
      },
      "3": {
        "name": "(anonymous_3)",
        "decl": {
          "start": {
            "line": 19,
            "column": 9
          },
          "end": {
            "line": 19,
            "column": 14
          }
        },
        "loc": {
          "start": {
            "line": 19,
            "column": 39
          },
          "end": {
            "line": 23,
            "column": null
          }
        }
      },
      "4": {
        "name": "(anonymous_4)",
        "decl": {
          "start": {
            "line": 25,
            "column": 9
          },
          "end": {
            "line": 25,
            "column": 15
          }
        },
        "loc": {
          "start": {
            "line": 25,
            "column": 15
          },
          "end": {
            "line": 29,
            "column": null
          }
        }
      },
      "5": {
        "name": "(anonymous_5)",
        "decl": {
          "start": {
            "line": 31,
            "column": 10
          },
          "end": {
            "line": 31,
            "column": 14
          }
        },
        "loc": {
          "start": {
            "line": 31,
            "column": 14
          },
          "end": {
            "line": 33,
            "column": null
          }
        }
      }
    },
    "branchMap": {
      "0": {
        "loc": {
          "start": {
            "line": 8,
            "column": 13
          },
          "end": {
            "line": 8,
            "column": 27
          }
        },
        "type": "binary-expr",
        "locations": [
          {
            "start": {
              "line": 8,
              "column": 13
            },
            "end": {
              "line": 8,
              "column": 27
            }
          },
          {
            "start": {
              "line": 8,
              "column": 13
            },
            "end": {
              "line": 8,
              "column": 27
            }
          }
        ]
      }
    },
    "s": {
      "0": 26,
      "1": 13,
      "2": 13,
      "3": 1044,
      "4": 12,
      "5": 12,
      "6": 12,
      "7": 0,
      "8": 0,
      "9": 0,
      "10": 12,
      "11": 13
    },
    "f": {
      "0": 13,
      "1": 13,
      "2": 1044,
      "3": 12,
      "4": 0,
      "5": 12
    },
    "b": {
      "0": [
        13,
        13
      ]
    }
  },
  "C:\\Users\\jerom\\Projets\\Testez-une-application-full-stack\\front\\src\\app\\services\\user.service.ts": {
    "path": "C:\\Users\\jerom\\Projets\\Testez-une-application-full-stack\\front\\src\\app\\services\\user.service.ts",
    "statementMap": {
      "0": {
        "start": {
          "line": 9,
          "column": 0
        },
        "end": {
          "line": 9,
          "column": 6
        }
      },
      "1": {
        "start": {
          "line": 13,
          "column": 22
        },
        "end": {
          "line": 13,
          "column": 44
        }
      },
      "2": {
        "start": {
          "line": 11,
          "column": 10
        },
        "end": {
          "line": 11,
          "column": 24
        }
      },
      "3": {
        "start": {
          "line": 16,
          "column": 4
        },
        "end": {
          "line": 16,
          "column": 11
        }
      },
      "4": {
        "start": {
          "line": 20,
          "column": 4
        },
        "end": {
          "line": 20,
          "column": 11
        }
      },
      "5": {
        "start": {
          "line": 9,
          "column": 13
        },
        "end": {
          "line": 9,
          "column": null
        }
      }
    },
    "fnMap": {
      "0": {
        "name": "(anonymous_0)",
        "decl": {
          "start": {
            "line": 9,
            "column": 0
          },
          "end": {
            "line": 9,
            "column": 6
          }
        },
        "loc": {
          "start": {
            "line": 9,
            "column": 0
          },
          "end": {
            "line": 9,
            "column": 6
          }
        }
      },
      "1": {
        "name": "(anonymous_1)",
        "decl": {
          "start": {
            "line": 13,
            "column": 2
          },
          "end": {
            "line": 13,
            "column": 22
          }
        },
        "loc": {
          "start": {
            "line": 13,
            "column": 44
          },
          "end": {
            "line": 13,
            "column": null
          }
        }
      },
      "2": {
        "name": "(anonymous_2)",
        "decl": {
          "start": {
            "line": 15,
            "column": 9
          },
          "end": {
            "line": 15,
            "column": 16
          }
        },
        "loc": {
          "start": {
            "line": 15,
            "column": 27
          },
          "end": {
            "line": 17,
            "column": null
          }
        }
      },
      "3": {
        "name": "(anonymous_3)",
        "decl": {
          "start": {
            "line": 19,
            "column": 9
          },
          "end": {
            "line": 19,
            "column": 15
          }
        },
        "loc": {
          "start": {
            "line": 19,
            "column": 26
          },
          "end": {
            "line": 21,
            "column": null
          }
        }
      }
    },
    "branchMap": {
      "0": {
        "loc": {
          "start": {
            "line": 9,
            "column": 13
          },
          "end": {
            "line": 9,
            "column": 24
          }
        },
        "type": "binary-expr",
        "locations": [
          {
            "start": {
              "line": 9,
              "column": 13
            },
            "end": {
              "line": 9,
              "column": 24
            }
          },
          {
            "start": {
              "line": 9,
              "column": 13
            },
            "end": {
              "line": 9,
              "column": 24
            }
          }
        ]
      }
    },
    "s": {
      "0": 26,
      "1": 1,
      "2": 1,
      "3": 1,
      "4": 0,
      "5": 1
    },
    "f": {
      "0": 13,
      "1": 1,
      "2": 1,
      "3": 0
    },
    "b": {
      "0": [
        1,
        1
      ]
    }
  },
  "C:\\Users\\jerom\\Projets\\Testez-une-application-full-stack\\front\\src\\app\\components\\me\\me.component.html": {
    "path": "C:\\Users\\jerom\\Projets\\Testez-une-application-full-stack\\front\\src\\app\\components\\me\\me.component.html",
    "statementMap": {
      "0": {
        "start": {
          "line": 15,
          "column": 8
        },
        "end": {
          "line": 15,
          "column": 12
        }
      },
      "1": {
        "start": {
          "line": 15,
          "column": 42
        },
        "end": {
          "line": 15,
          "column": 55
        }
      },
      "2": {
        "start": {
          "line": 15,
          "column": 55
        },
        "end": {
          "line": 15,
          "column": null
        }
      },
      "3": {
        "start": {
          "line": 16,
          "column": 8
        },
        "end": {
          "line": 16,
          "column": 14
        }
      },
      "4": {
        "start": {
          "line": 17,
          "column": 13
        },
        "end": {
          "line": 17,
          "column": 31
        }
      },
      "5": {
        "start": {
          "line": 17,
          "column": 31
        },
        "end": {
          "line": 17,
          "column": null
        }
      },
      "6": {
        "start": {
          "line": 18,
          "column": 10
        },
        "end": {
          "line": 18,
          "column": 49
        }
      },
      "7": {
        "start": {
          "line": 18,
          "column": 49
        },
        "end": {
          "line": 18,
          "column": 58
        }
      },
      "8": {
        "start": {
          "line": 19,
          "column": 12
        },
        "end": {
          "line": 19,
          "column": 22
        }
      },
      "9": {
        "start": {
          "line": 19,
          "column": 22
        },
        "end": {
          "line": 19,
          "column": 28
        }
      },
      "10": {
        "start": {
          "line": 19,
          "column": 28
        },
        "end": {
          "line": 19,
          "column": null
        }
      },
      "11": {
        "start": {
          "line": 20,
          "column": 12
        },
        "end": {
          "line": 20,
          "column": 30
        }
      },
      "12": {
        "start": {
          "line": 20,
          "column": 30
        },
        "end": {
          "line": 20,
          "column": 36
        }
      },
      "13": {
        "start": {
          "line": 20,
          "column": 36
        },
        "end": {
          "line": 20,
          "column": null
        }
      },
      "14": {
        "start": {
          "line": 12,
          "column": 6
        },
        "end": {
          "line": 12,
          "column": 12
        }
      },
      "15": {
        "start": {
          "line": 13,
          "column": 11
        },
        "end": {
          "line": 13,
          "column": 69
        }
      },
      "16": {
        "start": {
          "line": 13,
          "column": 69
        },
        "end": {
          "line": 13,
          "column": null
        }
      },
      "17": {
        "start": {
          "line": 14,
          "column": 8
        },
        "end": {
          "line": 14,
          "column": 11
        }
      },
      "18": {
        "start": {
          "line": 14,
          "column": 11
        },
        "end": {
          "line": 14,
          "column": 34
        }
      },
      "19": {
        "start": {
          "line": 14,
          "column": 34
        },
        "end": {
          "line": 14,
          "column": null
        }
      },
      "20": {
        "start": {
          "line": 23,
          "column": 8
        },
        "end": {
          "line": 23,
          "column": 66
        }
      },
      "21": {
        "start": {
          "line": 25,
          "column": 16
        },
        "end": {
          "line": 25,
          "column": 27
        }
      },
      "22": {
        "start": {
          "line": 25,
          "column": 27
        },
        "end": {
          "line": 25,
          "column": 32
        }
      },
      "23": {
        "start": {
          "line": 25,
          "column": 32
        },
        "end": {
          "line": 25,
          "column": 70
        }
      },
      "24": {
        "start": {
          "line": 25,
          "column": 70
        },
        "end": {
          "line": 25,
          "column": null
        }
      },
      "25": {
        "start": {
          "line": 26,
          "column": 10
        },
        "end": {
          "line": 26,
          "column": 13
        }
      },
      "26": {
        "start": {
          "line": 26,
          "column": 16
        },
        "end": {
          "line": 26,
          "column": 29
        }
      },
      "27": {
        "start": {
          "line": 26,
          "column": 29
        },
        "end": {
          "line": 26,
          "column": 34
        }
      },
      "28": {
        "start": {
          "line": 26,
          "column": 34
        },
        "end": {
          "line": 26,
          "column": 71
        }
      },
      "29": {
        "start": {
          "line": 26,
          "column": 71
        },
        "end": {
          "line": 26,
          "column": null
        }
      },
      "30": {
        "start": {
          "line": 15,
          "column": 12
        },
        "end": {
          "line": 15,
          "column": 42
        }
      },
      "31": {
        "start": {
          "line": 16,
          "column": 14
        },
        "end": {
          "line": 16,
          "column": 93
        }
      },
      "32": {
        "start": {
          "line": 1,
          "column": 0
        },
        "end": {
          "line": 1,
          "column": 16
        }
      },
      "33": {
        "start": {
          "line": 5,
          "column": 32
        },
        "end": {
          "line": 5,
          "column": 41
        }
      },
      "34": {
        "start": {
          "line": 6,
          "column": 10
        },
        "end": {
          "line": 6,
          "column": 20
        }
      },
      "35": {
        "start": {
          "line": 6,
          "column": 20
        },
        "end": {
          "line": 6,
          "column": 30
        }
      },
      "36": {
        "start": {
          "line": 6,
          "column": 30
        },
        "end": {
          "line": 6,
          "column": null
        }
      },
      "37": {
        "start": {
          "line": 8,
          "column": 8
        },
        "end": {
          "line": 8,
          "column": 12
        }
      },
      "38": {
        "start": {
          "line": 8,
          "column": 12
        },
        "end": {
          "line": 8,
          "column": 28
        }
      },
      "39": {
        "start": {
          "line": 8,
          "column": 28
        },
        "end": {
          "line": 8,
          "column": null
        }
      },
      "40": {
        "start": {
          "line": 11,
          "column": 4
        },
        "end": {
          "line": 11,
          "column": null
        }
      },
      "41": {
        "start": {
          "line": 29,
          "column": 4
        },
        "end": {
          "line": 29,
          "column": null
        }
      },
      "42": {
        "start": {
          "line": 12,
          "column": 12
        },
        "end": {
          "line": 12,
          "column": 71
        }
      }
    },
    "fnMap": {
      "0": {
        "name": "MeComponent_div_10_div_7_Template_button_click_3_listener",
        "decl": {
          "start": {
            "line": 18,
            "column": 49
          },
          "end": {
            "line": 18,
            "column": 58
          }
        },
        "loc": {
          "start": {
            "line": 18,
            "column": 49
          },
          "end": {
            "line": 18,
            "column": null
          }
        }
      },
      "1": {
        "name": "MeComponent_Template_button_click_4_listener",
        "decl": {
          "start": {
            "line": 5,
            "column": 32
          },
          "end": {
            "line": 5,
            "column": 41
          }
        },
        "loc": {
          "start": {
            "line": 5,
            "column": 32
          },
          "end": {
            "line": 5,
            "column": null
          }
        }
      }
    },
    "branchMap": {},
    "s": {
      "0": 2,
      "1": 1,
      "2": 1,
      "3": 1,
      "4": 0,
      "5": 0,
      "6": 0,
      "7": 0,
      "8": 0,
      "9": 0,
      "10": 0,
      "11": 0,
      "12": 0,
      "13": 0,
      "14": 2,
      "15": 5,
      "16": 1,
      "17": 1,
      "18": 5,
      "19": 1,
      "20": 1,
      "21": 1,
      "22": 1,
      "23": 5,
      "24": 1,
      "25": 1,
      "26": 1,
      "27": 1,
      "28": 5,
      "29": 1,
      "30": 4,
      "31": 4,
      "32": 1,
      "33": 1,
      "34": 1,
      "35": 1,
      "36": 1,
      "37": 1,
      "38": 1,
      "39": 1,
      "40": 1,
      "41": 1,
      "42": 14
    },
    "f": {
      "0": 0,
      "1": 0
    },
    "b": {}
  },
  "C:\\Users\\jerom\\Projets\\Testez-une-application-full-stack\\front\\src\\app\\components\\me\\me.component.ts": {
    "path": "C:\\Users\\jerom\\Projets\\Testez-une-application-full-stack\\front\\src\\app\\components\\me\\me.component.ts",
    "statementMap": {
      "0": {
        "start": {
          "line": 13,
          "column": 0
        },
        "end": {
          "line": 13,
          "column": 6
        }
      },
      "1": {
        "start": {
          "line": 17,
          "column": 22
        },
        "end": {
          "line": 17,
          "column": null
        }
      },
      "2": {
        "start": {
          "line": 18,
          "column": 22
        },
        "end": {
          "line": 18,
          "column": null
        }
      },
      "3": {
        "start": {
          "line": 19,
          "column": 22
        },
        "end": {
          "line": 19,
          "column": null
        }
      },
      "4": {
        "start": {
          "line": 20,
          "column": 22
        },
        "end": {
          "line": 20,
          "column": 46
        }
      },
      "5": {
        "start": {
          "line": 24,
          "column": 4
        },
        "end": {
          "line": 24,
          "column": 9
        }
      },
      "6": {
        "start": {
          "line": 26,
          "column": 33
        },
        "end": {
          "line": 26,
          "column": null
        }
      },
      "7": {
        "start": {
          "line": 30,
          "column": 4
        },
        "end": {
          "line": 30,
          "column": 10
        }
      },
      "8": {
        "start": {
          "line": 34,
          "column": 4
        },
        "end": {
          "line": 34,
          "column": 9
        }
      },
      "9": {
        "start": {
          "line": 37,
          "column": 8
        },
        "end": {
          "line": 37,
          "column": 13
        }
      },
      "10": {
        "start": {
          "line": 38,
          "column": 8
        },
        "end": {
          "line": 38,
          "column": 13
        }
      },
      "11": {
        "start": {
          "line": 39,
          "column": 8
        },
        "end": {
          "line": 39,
          "column": 13
        }
      },
      "12": {
        "start": {
          "line": 13,
          "column": 13
        },
        "end": {
          "line": 13,
          "column": null
        }
      }
    },
    "fnMap": {
      "0": {
        "name": "(anonymous_4)",
        "decl": {
          "start": {
            "line": 13,
            "column": 0
          },
          "end": {
            "line": 13,
            "column": 6
          }
        },
        "loc": {
          "start": {
            "line": 13,
            "column": 0
          },
          "end": {
            "line": 13,
            "column": 6
          }
        }
      },
      "1": {
        "name": "(anonymous_5)",
        "decl": {
          "start": {
            "line": 17,
            "column": 2
          },
          "end": {
            "line": 17,
            "column": 22
          }
        },
        "loc": {
          "start": {
            "line": 20,
            "column": 46
          },
          "end": {
            "line": 21,
            "column": null
          }
        }
      },
      "2": {
        "name": "(anonymous_6)",
        "decl": {
          "start": {
            "line": 23,
            "column": 9
          },
          "end": {
            "line": 23,
            "column": 17
          }
        },
        "loc": {
          "start": {
            "line": 23,
            "column": 17
          },
          "end": {
            "line": 27,
            "column": null
          }
        }
      },
      "3": {
        "name": "(anonymous_7)",
        "decl": {
          "start": {
            "line": 26,
            "column": 18
          },
          "end": {
            "line": 26,
            "column": 33
          }
        },
        "loc": {
          "start": {
            "line": 26,
            "column": 33
          },
          "end": {
            "line": 26,
            "column": null
          }
        }
      },
      "4": {
        "name": "(anonymous_8)",
        "decl": {
          "start": {
            "line": 29,
            "column": 9
          },
          "end": {
            "line": 29,
            "column": 13
          }
        },
        "loc": {
          "start": {
            "line": 29,
            "column": 13
          },
          "end": {
            "line": 31,
            "column": null
          }
        }
      },
      "5": {
        "name": "(anonymous_9)",
        "decl": {
          "start": {
            "line": 33,
            "column": 9
          },
          "end": {
            "line": 33,
            "column": 15
          }
        },
        "loc": {
          "start": {
            "line": 33,
            "column": 15
          },
          "end": {
            "line": 41,
            "column": null
          }
        }
      },
      "6": {
        "name": "(anonymous_10)",
        "decl": {
          "start": {
            "line": 36,
            "column": 18
          },
          "end": {
            "line": 36,
            "column": 23
          }
        },
        "loc": {
          "start": {
            "line": 36,
            "column": 23
          },
          "end": {
            "line": 40,
            "column": null
          }
        }
      }
    },
    "branchMap": {
      "0": {
        "loc": {
          "start": {
            "line": 13,
            "column": 13
          },
          "end": {
            "line": 13,
            "column": 24
          }
        },
        "type": "binary-expr",
        "locations": [
          {
            "start": {
              "line": 13,
              "column": 13
            },
            "end": {
              "line": 13,
              "column": 24
            }
          },
          {
            "start": {
              "line": 13,
              "column": 13
            },
            "end": {
              "line": 13,
              "column": 24
            }
          }
        ]
      }
    },
    "s": {
      "0": 26,
      "1": 1,
      "2": 1,
      "3": 1,
      "4": 1,
      "5": 1,
      "6": 1,
      "7": 0,
      "8": 0,
      "9": 0,
      "10": 0,
      "11": 0,
      "12": 1
    },
    "f": {
      "0": 13,
      "1": 1,
      "2": 1,
      "3": 1,
      "4": 0,
      "5": 0,
      "6": 0
    },
    "b": {
      "0": [
        1,
        1
      ]
    }
  },
  "C:\\Users\\jerom\\Projets\\Testez-une-application-full-stack\\front\\src\\app\\components\\not-found\\not-found.component.ts": {
    "path": "C:\\Users\\jerom\\Projets\\Testez-une-application-full-stack\\front\\src\\app\\components\\not-found\\not-found.component.ts",
    "statementMap": {
      "0": {
        "start": {
          "line": 8,
          "column": 0
        },
        "end": {
          "line": 8,
          "column": 6
        }
      },
      "1": {
        "start": {
          "line": 8,
          "column": 13
        },
        "end": {
          "line": 8,
          "column": 30
        }
      }
    },
    "fnMap": {
      "0": {
        "name": "(anonymous_0)",
        "decl": {
          "start": {
            "line": 8,
            "column": 0
          },
          "end": {
            "line": 8,
            "column": 6
          }
        },
        "loc": {
          "start": {
            "line": 8,
            "column": 0
          },
          "end": {
            "line": 8,
            "column": 6
          }
        }
      }
    },
    "branchMap": {
      "0": {
        "loc": {
          "start": {
            "line": 8,
            "column": 13
          },
          "end": {
            "line": 8,
            "column": 30
          }
        },
        "type": "binary-expr",
        "locations": [
          {
            "start": {
              "line": 8,
              "column": 13
            },
            "end": {
              "line": 8,
              "column": 30
            }
          },
          {
            "start": {
              "line": 8,
              "column": 13
            },
            "end": {
              "line": 8,
              "column": 30
            }
          }
        ]
      }
    },
    "s": {
      "0": 26,
      "1": 0
    },
    "f": {
      "0": 13
    },
    "b": {
      "0": [
        0,
        0
      ]
    }
  },
  "C:\\Users\\jerom\\Projets\\Testez-une-application-full-stack\\front\\src\\app\\components\\not-found\\not-found.component.html": {
    "path": "C:\\Users\\jerom\\Projets\\Testez-une-application-full-stack\\front\\src\\app\\components\\not-found\\not-found.component.html",
    "statementMap": {
      "0": {
        "start": {
          "line": 1,
          "column": 0
        },
        "end": {
          "line": 1,
          "column": 37
        }
      },
      "1": {
        "start": {
          "line": 2,
          "column": 12
        },
        "end": {
          "line": 2,
          "column": 28
        }
      },
      "2": {
        "start": {
          "line": 2,
          "column": 28
        },
        "end": {
          "line": 2,
          "column": null
        }
      }
    },
    "fnMap": {},
    "branchMap": {},
    "s": {
      "0": 0,
      "1": 0,
      "2": 0
    },
    "f": {},
    "b": {}
  },
  "C:\\Users\\jerom\\Projets\\Testez-une-application-full-stack\\front\\src\\app\\guards\\auth.guard.ts": {
    "path": "C:\\Users\\jerom\\Projets\\Testez-une-application-full-stack\\front\\src\\app\\guards\\auth.guard.ts",
    "statementMap": {
      "0": {
        "start": {
          "line": 6,
          "column": 0
        },
        "end": {
          "line": 6,
          "column": 6
        }
      },
      "1": {
        "start": {
          "line": 9,
          "column": 12
        },
        "end": {
          "line": 9,
          "column": null
        }
      },
      "2": {
        "start": {
          "line": 10,
          "column": 12
        },
        "end": {
          "line": 10,
          "column": 42
        }
      },
      "3": {
        "start": {
          "line": 15,
          "column": 4
        },
        "end": {
          "line": 18,
          "column": null
        }
      },
      "4": {
        "start": {
          "line": 16,
          "column": 6
        },
        "end": {
          "line": 16,
          "column": 11
        }
      },
      "5": {
        "start": {
          "line": 17,
          "column": 6
        },
        "end": {
          "line": 17,
          "column": 13
        }
      },
      "6": {
        "start": {
          "line": 19,
          "column": 4
        },
        "end": {
          "line": 19,
          "column": 11
        }
      },
      "7": {
        "start": {
          "line": 6,
          "column": 13
        },
        "end": {
          "line": 6,
          "column": null
        }
      }
    },
    "fnMap": {
      "0": {
        "name": "(anonymous_0)",
        "decl": {
          "start": {
            "line": 6,
            "column": 0
          },
          "end": {
            "line": 6,
            "column": 6
          }
        },
        "loc": {
          "start": {
            "line": 6,
            "column": 0
          },
          "end": {
            "line": 6,
            "column": 6
          }
        }
      },
      "1": {
        "name": "(anonymous_1)",
        "decl": {
          "start": {
            "line": 8,
            "column": 2
          },
          "end": {
            "line": 8,
            "column": null
          }
        },
        "loc": {
          "start": {
            "line": 10,
            "column": 42
          },
          "end": {
            "line": 12,
            "column": null
          }
        }
      },
      "2": {
        "name": "(anonymous_2)",
        "decl": {
          "start": {
            "line": 14,
            "column": 9
          },
          "end": {
            "line": 14,
            "column": 20
          }
        },
        "loc": {
          "start": {
            "line": 14,
            "column": 20
          },
          "end": {
            "line": 20,
            "column": null
          }
        }
      }
    },
    "branchMap": {
      "0": {
        "loc": {
          "start": {
            "line": 15,
            "column": 4
          },
          "end": {
            "line": 18,
            "column": null
          }
        },
        "type": "if",
        "locations": [
          {
            "start": {
              "line": 15,
              "column": 4
            },
            "end": {
              "line": 18,
              "column": null
            }
          },
          {
            "start": {
              "line": 15,
              "column": 4
            },
            "end": {
              "line": 18,
              "column": null
            }
          }
        ]
      },
      "1": {
        "loc": {
          "start": {
            "line": 6,
            "column": 13
          },
          "end": {
            "line": 6,
            "column": 22
          }
        },
        "type": "binary-expr",
        "locations": [
          {
            "start": {
              "line": 6,
              "column": 13
            },
            "end": {
              "line": 6,
              "column": 22
            }
          },
          {
            "start": {
              "line": 6,
              "column": 13
            },
            "end": {
              "line": 6,
              "column": 22
            }
          }
        ]
      }
    },
    "s": {
      "0": 26,
      "1": 12,
      "2": 12,
      "3": 13,
      "4": 0,
      "5": 0,
      "6": 13,
      "7": 12
    },
    "f": {
      "0": 13,
      "1": 12,
      "2": 13
    },
    "b": {
      "0": [
        0,
        13
      ],
      "1": [
        12,
        12
      ]
    }
  },
  "C:\\Users\\jerom\\Projets\\Testez-une-application-full-stack\\front\\src\\app\\guards\\unauth.guard.ts": {
    "path": "C:\\Users\\jerom\\Projets\\Testez-une-application-full-stack\\front\\src\\app\\guards\\unauth.guard.ts",
    "statementMap": {
      "0": {
        "start": {
          "line": 6,
          "column": 0
        },
        "end": {
          "line": 6,
          "column": 6
        }
      },
      "1": {
        "start": {
          "line": 9,
          "column": 12
        },
        "end": {
          "line": 9,
          "column": null
        }
      },
      "2": {
        "start": {
          "line": 10,
          "column": 12
        },
        "end": {
          "line": 10,
          "column": 42
        }
      },
      "3": {
        "start": {
          "line": 15,
          "column": 4
        },
        "end": {
          "line": 18,
          "column": null
        }
      },
      "4": {
        "start": {
          "line": 16,
          "column": 6
        },
        "end": {
          "line": 16,
          "column": 11
        }
      },
      "5": {
        "start": {
          "line": 17,
          "column": 6
        },
        "end": {
          "line": 17,
          "column": 13
        }
      },
      "6": {
        "start": {
          "line": 19,
          "column": 4
        },
        "end": {
          "line": 19,
          "column": 11
        }
      },
      "7": {
        "start": {
          "line": 6,
          "column": 13
        },
        "end": {
          "line": 6,
          "column": null
        }
      }
    },
    "fnMap": {
      "0": {
        "name": "(anonymous_0)",
        "decl": {
          "start": {
            "line": 6,
            "column": 0
          },
          "end": {
            "line": 6,
            "column": 6
          }
        },
        "loc": {
          "start": {
            "line": 6,
            "column": 0
          },
          "end": {
            "line": 6,
            "column": 6
          }
        }
      },
      "1": {
        "name": "(anonymous_1)",
        "decl": {
          "start": {
            "line": 8,
            "column": 2
          },
          "end": {
            "line": 8,
            "column": null
          }
        },
        "loc": {
          "start": {
            "line": 10,
            "column": 42
          },
          "end": {
            "line": 12,
            "column": null
          }
        }
      },
      "2": {
        "name": "(anonymous_2)",
        "decl": {
          "start": {
            "line": 14,
            "column": 9
          },
          "end": {
            "line": 14,
            "column": 20
          }
        },
        "loc": {
          "start": {
            "line": 14,
            "column": 20
          },
          "end": {
            "line": 20,
            "column": null
          }
        }
      }
    },
    "branchMap": {
      "0": {
        "loc": {
          "start": {
            "line": 15,
            "column": 4
          },
          "end": {
            "line": 18,
            "column": null
          }
        },
        "type": "if",
        "locations": [
          {
            "start": {
              "line": 15,
              "column": 4
            },
            "end": {
              "line": 18,
              "column": null
            }
          },
          {
            "start": {
              "line": 15,
              "column": 4
            },
            "end": {
              "line": 18,
              "column": null
            }
          }
        ]
      },
      "1": {
        "loc": {
          "start": {
            "line": 6,
            "column": 13
          },
          "end": {
            "line": 6,
            "column": 24
          }
        },
        "type": "binary-expr",
        "locations": [
          {
            "start": {
              "line": 6,
              "column": 13
            },
            "end": {
              "line": 6,
              "column": 24
            }
          },
          {
            "start": {
              "line": 6,
              "column": 13
            },
            "end": {
              "line": 6,
              "column": 24
            }
          }
        ]
      }
    },
    "s": {
      "0": 26,
      "1": 13,
      "2": 13,
      "3": 13,
      "4": 0,
      "5": 0,
      "6": 13,
      "7": 13
    },
    "f": {
      "0": 13,
      "1": 13,
      "2": 13
    },
    "b": {
      "0": [
        0,
        13
      ],
      "1": [
        13,
        13
      ]
    }
  },
  "C:\\Users\\jerom\\Projets\\Testez-une-application-full-stack\\front\\src\\app\\app-routing.module.ts": {
    "path": "C:\\Users\\jerom\\Projets\\Testez-une-application-full-stack\\front\\src\\app\\app-routing.module.ts",
    "statementMap": {
      "0": {
        "start": {
          "line": 8,
          "column": 23
        },
        "end": {
          "line": 8,
          "column": null
        }
      },
      "1": {
        "start": {
          "line": 12,
          "column": 24
        },
        "end": {
          "line": 12,
          "column": 31
        }
      },
      "2": {
        "start": {
          "line": 12,
          "column": 72
        },
        "end": {
          "line": 12,
          "column": null
        }
      },
      "3": {
        "start": {
          "line": 17,
          "column": 24
        },
        "end": {
          "line": 17,
          "column": 31
        }
      },
      "4": {
        "start": {
          "line": 17,
          "column": 80
        },
        "end": {
          "line": 17,
          "column": null
        }
      },
      "5": {
        "start": {
          "line": 32,
          "column": 0
        },
        "end": {
          "line": 32,
          "column": 6
        }
      },
      "6": {
        "start": {
          "line": 32,
          "column": 13
        },
        "end": {
          "line": 32,
          "column": 29
        }
      }
    },
    "fnMap": {
      "0": {
        "name": "(anonymous_0)",
        "decl": {
          "start": {
            "line": 12,
            "column": 18
          },
          "end": {
            "line": 12,
            "column": 24
          }
        },
        "loc": {
          "start": {
            "line": 12,
            "column": 24
          },
          "end": {
            "line": 12,
            "column": 31
          }
        }
      },
      "1": {
        "name": "(anonymous_1)",
        "decl": {
          "start": {
            "line": 12,
            "column": 67
          },
          "end": {
            "line": 12,
            "column": 68
          }
        },
        "loc": {
          "start": {
            "line": 12,
            "column": 72
          },
          "end": {
            "line": 12,
            "column": null
          }
        }
      },
      "2": {
        "name": "(anonymous_2)",
        "decl": {
          "start": {
            "line": 17,
            "column": 18
          },
          "end": {
            "line": 17,
            "column": 24
          }
        },
        "loc": {
          "start": {
            "line": 17,
            "column": 24
          },
          "end": {
            "line": 17,
            "column": 31
          }
        }
      },
      "3": {
        "name": "(anonymous_3)",
        "decl": {
          "start": {
            "line": 17,
            "column": 75
          },
          "end": {
            "line": 17,
            "column": 76
          }
        },
        "loc": {
          "start": {
            "line": 17,
            "column": 80
          },
          "end": {
            "line": 17,
            "column": null
          }
        }
      },
      "4": {
        "name": "(anonymous_4)",
        "decl": {
          "start": {
            "line": 32,
            "column": 0
          },
          "end": {
            "line": 32,
            "column": 6
          }
        },
        "loc": {
          "start": {
            "line": 32,
            "column": 0
          },
          "end": {
            "line": 32,
            "column": 6
          }
        }
      }
    },
    "branchMap": {
      "0": {
        "loc": {
          "start": {
            "line": 32,
            "column": 13
          },
          "end": {
            "line": 32,
            "column": 29
          }
        },
        "type": "binary-expr",
        "locations": [
          {
            "start": {
              "line": 32,
              "column": 13
            },
            "end": {
              "line": 32,
              "column": 29
            }
          },
          {
            "start": {
              "line": 32,
              "column": 13
            },
            "end": {
              "line": 32,
              "column": 29
            }
          }
        ]
      }
    },
    "s": {
      "0": 13,
      "1": 13,
      "2": 13,
      "3": 12,
      "4": 12,
      "5": 26,
      "6": 13
    },
    "f": {
      "0": 13,
      "1": 13,
      "2": 12,
      "3": 12,
      "4": 13
    },
    "b": {
      "0": [
        13,
        13
      ]
    }
  },
  "C:\\Users\\jerom\\Projets\\Testez-une-application-full-stack\\front\\src\\app\\features\\auth\\services\\auth.service.ts": {
    "path": "C:\\Users\\jerom\\Projets\\Testez-une-application-full-stack\\front\\src\\app\\features\\auth\\services\\auth.service.ts",
    "statementMap": {
      "0": {
        "start": {
          "line": 11,
          "column": 0
        },
        "end": {
          "line": 11,
          "column": 6
        }
      },
      "1": {
        "start": {
          "line": 15,
          "column": 22
        },
        "end": {
          "line": 15,
          "column": 44
        }
      },
      "2": {
        "start": {
          "line": 13,
          "column": 10
        },
        "end": {
          "line": 13,
          "column": 24
        }
      },
      "3": {
        "start": {
          "line": 18,
          "column": 4
        },
        "end": {
          "line": 18,
          "column": 11
        }
      },
      "4": {
        "start": {
          "line": 22,
          "column": 4
        },
        "end": {
          "line": 22,
          "column": 11
        }
      },
      "5": {
        "start": {
          "line": 11,
          "column": 13
        },
        "end": {
          "line": 11,
          "column": null
        }
      }
    },
    "fnMap": {
      "0": {
        "name": "(anonymous_0)",
        "decl": {
          "start": {
            "line": 11,
            "column": 0
          },
          "end": {
            "line": 11,
            "column": 6
          }
        },
        "loc": {
          "start": {
            "line": 11,
            "column": 0
          },
          "end": {
            "line": 11,
            "column": 6
          }
        }
      },
      "1": {
        "name": "(anonymous_1)",
        "decl": {
          "start": {
            "line": 15,
            "column": 2
          },
          "end": {
            "line": 15,
            "column": 22
          }
        },
        "loc": {
          "start": {
            "line": 15,
            "column": 44
          },
          "end": {
            "line": 15,
            "column": null
          }
        }
      },
      "2": {
        "name": "(anonymous_2)",
        "decl": {
          "start": {
            "line": 17,
            "column": 9
          },
          "end": {
            "line": 17,
            "column": 17
          }
        },
        "loc": {
          "start": {
            "line": 17,
            "column": 50
          },
          "end": {
            "line": 19,
            "column": null
          }
        }
      },
      "3": {
        "name": "(anonymous_3)",
        "decl": {
          "start": {
            "line": 21,
            "column": 9
          },
          "end": {
            "line": 21,
            "column": 14
          }
        },
        "loc": {
          "start": {
            "line": 21,
            "column": 41
          },
          "end": {
            "line": 23,
            "column": null
          }
        }
      }
    },
    "branchMap": {
      "0": {
        "loc": {
          "start": {
            "line": 11,
            "column": 13
          },
          "end": {
            "line": 11,
            "column": 24
          }
        },
        "type": "binary-expr",
        "locations": [
          {
            "start": {
              "line": 11,
              "column": 13
            },
            "end": {
              "line": 11,
              "column": 24
            }
          },
          {
            "start": {
              "line": 11,
              "column": 13
            },
            "end": {
              "line": 11,
              "column": 24
            }
          }
        ]
      }
    },
    "s": {
      "0": 26,
      "1": 13,
      "2": 13,
      "3": 1,
      "4": 12,
      "5": 13
    },
    "f": {
      "0": 13,
      "1": 13,
      "2": 1,
      "3": 12
    },
    "b": {
      "0": [
        13,
        13
      ]
    }
  },
  "C:\\Users\\jerom\\Projets\\Testez-une-application-full-stack\\front\\src\\app\\app.component.html": {
    "path": "C:\\Users\\jerom\\Projets\\Testez-une-application-full-stack\\front\\src\\app\\app.component.html",
    "statementMap": {
      "0": {
        "start": {
          "line": 4,
          "column": 4
        },
        "end": {
          "line": 4,
          "column": 10
        }
      },
      "1": {
        "start": {
          "line": 5,
          "column": 47
        },
        "end": {
          "line": 5,
          "column": 55
        }
      },
      "2": {
        "start": {
          "line": 5,
          "column": 55
        },
        "end": {
          "line": 5,
          "column": null
        }
      },
      "3": {
        "start": {
          "line": 6,
          "column": 6
        },
        "end": {
          "line": 6,
          "column": 41
        }
      },
      "4": {
        "start": {
          "line": 6,
          "column": 41
        },
        "end": {
          "line": 6,
          "column": 48
        }
      },
      "5": {
        "start": {
          "line": 6,
          "column": 48
        },
        "end": {
          "line": 6,
          "column": null
        }
      },
      "6": {
        "start": {
          "line": 7,
          "column": 6
        },
        "end": {
          "line": 7,
          "column": 12
        }
      },
      "7": {
        "start": {
          "line": 7,
          "column": 12
        },
        "end": {
          "line": 7,
          "column": 21
        }
      },
      "8": {
        "start": {
          "line": 7,
          "column": 44
        },
        "end": {
          "line": 7,
          "column": 50
        }
      },
      "9": {
        "start": {
          "line": 7,
          "column": 50
        },
        "end": {
          "line": 7,
          "column": null
        }
      },
      "10": {
        "start": {
          "line": 10,
          "column": 6
        },
        "end": {
          "line": 10,
          "column": 11
        }
      },
      "11": {
        "start": {
          "line": 11,
          "column": 46
        },
        "end": {
          "line": 11,
          "column": 51
        }
      },
      "12": {
        "start": {
          "line": 11,
          "column": 51
        },
        "end": {
          "line": 11,
          "column": null
        }
      },
      "13": {
        "start": {
          "line": 12,
          "column": 8
        },
        "end": {
          "line": 12,
          "column": 49
        }
      },
      "14": {
        "start": {
          "line": 12,
          "column": 49
        },
        "end": {
          "line": 12,
          "column": 57
        }
      },
      "15": {
        "start": {
          "line": 12,
          "column": 57
        },
        "end": {
          "line": 12,
          "column": null
        }
      },
      "16": {
        "start": {
          "line": 1,
          "column": 0
        },
        "end": {
          "line": 1,
          "column": 17
        }
      },
      "17": {
        "start": {
          "line": 3,
          "column": 10
        },
        "end": {
          "line": 3,
          "column": 18
        }
      },
      "18": {
        "start": {
          "line": 3,
          "column": 18
        },
        "end": {
          "line": 3,
          "column": null
        }
      },
      "19": {
        "start": {
          "line": 9,
          "column": 4
        },
        "end": {
          "line": 9,
          "column": null
        }
      },
      "20": {
        "start": {
          "line": 15,
          "column": 2
        },
        "end": {
          "line": 15,
          "column": null
        }
      },
      "21": {
        "start": {
          "line": 16,
          "column": 2
        },
        "end": {
          "line": 16,
          "column": null
        }
      },
      "22": {
        "start": {
          "line": 17,
          "column": 4
        },
        "end": {
          "line": 17,
          "column": null
        }
      },
      "23": {
        "start": {
          "line": 18,
          "column": 2
        },
        "end": {
          "line": 18,
          "column": null
        }
      },
      "24": {
        "start": {
          "line": 4,
          "column": 10
        },
        "end": {
          "line": 4,
          "column": 37
        }
      }
    },
    "fnMap": {
      "0": {
        "name": "AppComponent_div_4_Template_span_click_5_listener",
        "decl": {
          "start": {
            "line": 7,
            "column": 12
          },
          "end": {
            "line": 7,
            "column": 21
          }
        },
        "loc": {
          "start": {
            "line": 7,
            "column": 12
          },
          "end": {
            "line": 7,
            "column": 44
          }
        }
      }
    },
    "branchMap": {},
    "s": {
      "0": 25,
      "1": 12,
      "2": 12,
      "3": 12,
      "4": 12,
      "5": 12,
      "6": 12,
      "7": 12,
      "8": 12,
      "9": 12,
      "10": 13,
      "11": 13,
      "12": 13,
      "13": 13,
      "14": 13,
      "15": 13,
      "16": 13,
      "17": 13,
      "18": 13,
      "19": 13,
      "20": 13,
      "21": 13,
      "22": 13,
      "23": 13,
      "24": 2088
    },
    "f": {
      "0": 0
    },
    "b": {}
  },
  "C:\\Users\\jerom\\Projets\\Testez-une-application-full-stack\\front\\src\\app\\app.component.ts": {
    "path": "C:\\Users\\jerom\\Projets\\Testez-une-application-full-stack\\front\\src\\app\\app.component.ts",
    "statementMap": {
      "0": {
        "start": {
          "line": 13,
          "column": 0
        },
        "end": {
          "line": 13,
          "column": 6
        }
      },
      "1": {
        "start": {
          "line": 15,
          "column": 12
        },
        "end": {
          "line": 15,
          "column": null
        }
      },
      "2": {
        "start": {
          "line": 16,
          "column": 12
        },
        "end": {
          "line": 16,
          "column": null
        }
      },
      "3": {
        "start": {
          "line": 17,
          "column": 12
        },
        "end": {
          "line": 17,
          "column": 42
        }
      },
      "4": {
        "start": {
          "line": 21,
          "column": 4
        },
        "end": {
          "line": 21,
          "column": 11
        }
      },
      "5": {
        "start": {
          "line": 25,
          "column": 4
        },
        "end": {
          "line": 25,
          "column": 9
        }
      },
      "6": {
        "start": {
          "line": 26,
          "column": 4
        },
        "end": {
          "line": 26,
          "column": 9
        }
      },
      "7": {
        "start": {
          "line": 13,
          "column": 13
        },
        "end": {
          "line": 13,
          "column": null
        }
      }
    },
    "fnMap": {
      "0": {
        "name": "(anonymous_3)",
        "decl": {
          "start": {
            "line": 13,
            "column": 0
          },
          "end": {
            "line": 13,
            "column": 6
          }
        },
        "loc": {
          "start": {
            "line": 13,
            "column": 0
          },
          "end": {
            "line": 13,
            "column": 6
          }
        }
      },
      "1": {
        "name": "(anonymous_4)",
        "decl": {
          "start": {
            "line": 14,
            "column": 2
          },
          "end": {
            "line": 14,
            "column": null
          }
        },
        "loc": {
          "start": {
            "line": 17,
            "column": 42
          },
          "end": {
            "line": 18,
            "column": null
          }
        }
      },
      "2": {
        "name": "(anonymous_5)",
        "decl": {
          "start": {
            "line": 20,
            "column": 9
          },
          "end": {
            "line": 20,
            "column": 18
          }
        },
        "loc": {
          "start": {
            "line": 20,
            "column": 18
          },
          "end": {
            "line": 22,
            "column": null
          }
        }
      },
      "3": {
        "name": "(anonymous_6)",
        "decl": {
          "start": {
            "line": 24,
            "column": 9
          },
          "end": {
            "line": 24,
            "column": 15
          }
        },
        "loc": {
          "start": {
            "line": 24,
            "column": 15
          },
          "end": {
            "line": 27,
            "column": null
          }
        }
      }
    },
    "branchMap": {
      "0": {
        "loc": {
          "start": {
            "line": 13,
            "column": 13
          },
          "end": {
            "line": 13,
            "column": 25
          }
        },
        "type": "binary-expr",
        "locations": [
          {
            "start": {
              "line": 13,
              "column": 13
            },
            "end": {
              "line": 13,
              "column": 25
            }
          },
          {
            "start": {
              "line": 13,
              "column": 13
            },
            "end": {
              "line": 13,
              "column": 25
            }
          }
        ]
      }
    },
    "s": {
      "0": 26,
      "1": 13,
      "2": 13,
      "3": 13,
      "4": 1044,
      "5": 0,
      "6": 0,
      "7": 13
    },
    "f": {
      "0": 13,
      "1": 13,
      "2": 1044,
      "3": 0
    },
    "b": {
      "0": [
        13,
        13
      ]
    }
  },
  "C:\\Users\\jerom\\Projets\\Testez-une-application-full-stack\\front\\src\\app\\interceptors\\jwt.interceptor.ts": {
    "path": "C:\\Users\\jerom\\Projets\\Testez-une-application-full-stack\\front\\src\\app\\interceptors\\jwt.interceptor.ts",
    "statementMap": {
      "0": {
        "start": {
          "line": 6,
          "column": 0
        },
        "end": {
          "line": 6,
          "column": 6
        }
      },
      "1": {
        "start": {
          "line": 7,
          "column": 22
        },
        "end": {
          "line": 7,
          "column": 52
        }
      },
      "2": {
        "start": {
          "line": 10,
          "column": 4
        },
        "end": {
          "line": 16,
          "column": null
        }
      },
      "3": {
        "start": {
          "line": 11,
          "column": 6
        },
        "end": {
          "line": 11,
          "column": 13
        }
      },
      "4": {
        "start": {
          "line": 17,
          "column": 4
        },
        "end": {
          "line": 17,
          "column": 11
        }
      },
      "5": {
        "start": {
          "line": 6,
          "column": 13
        },
        "end": {
          "line": 6,
          "column": null
        }
      }
    },
    "fnMap": {
      "0": {
        "name": "(anonymous_0)",
        "decl": {
          "start": {
            "line": 6,
            "column": 0
          },
          "end": {
            "line": 6,
            "column": 6
          }
        },
        "loc": {
          "start": {
            "line": 6,
            "column": 0
          },
          "end": {
            "line": 6,
            "column": 6
          }
        }
      },
      "1": {
        "name": "(anonymous_1)",
        "decl": {
          "start": {
            "line": 7,
            "column": 2
          },
          "end": {
            "line": 7,
            "column": 22
          }
        },
        "loc": {
          "start": {
            "line": 7,
            "column": 52
          },
          "end": {
            "line": 7,
            "column": null
          }
        }
      },
      "2": {
        "name": "(anonymous_2)",
        "decl": {
          "start": {
            "line": 9,
            "column": 9
          },
          "end": {
            "line": 9,
            "column": 18
          }
        },
        "loc": {
          "start": {
            "line": 9,
            "column": 63
          },
          "end": {
            "line": 18,
            "column": null
          }
        }
      }
    },
    "branchMap": {
      "0": {
        "loc": {
          "start": {
            "line": 10,
            "column": 4
          },
          "end": {
            "line": 16,
            "column": null
          }
        },
        "type": "if",
        "locations": [
          {
            "start": {
              "line": 10,
              "column": 4
            },
            "end": {
              "line": 16,
              "column": null
            }
          },
          {
            "start": {
              "line": 10,
              "column": 4
            },
            "end": {
              "line": 16,
              "column": null
            }
          }
        ]
      },
      "1": {
        "loc": {
          "start": {
            "line": 6,
            "column": 13
          },
          "end": {
            "line": 6,
            "column": 27
          }
        },
        "type": "binary-expr",
        "locations": [
          {
            "start": {
              "line": 6,
              "column": 13
            },
            "end": {
              "line": 6,
              "column": 27
            }
          },
          {
            "start": {
              "line": 6,
              "column": 13
            },
            "end": {
              "line": 6,
              "column": 27
            }
          }
        ]
      }
    },
    "s": {
      "0": 26,
      "1": 13,
      "2": 48,
      "3": 35,
      "4": 48,
      "5": 13
    },
    "f": {
      "0": 13,
      "1": 13,
      "2": 48
    },
    "b": {
      "0": [
        35,
        13
      ],
      "1": [
        13,
        13
      ]
    }
  },
  "C:\\Users\\jerom\\Projets\\Testez-une-application-full-stack\\front\\src\\app\\app.module.ts": {
    "path": "C:\\Users\\jerom\\Projets\\Testez-une-application-full-stack\\front\\src\\app\\app.module.ts",
    "statementMap": {
      "0": {
        "start": {
          "line": 18,
          "column": 23
        },
        "end": {
          "line": 18,
          "column": null
        }
      },
      "1": {
        "start": {
          "line": 45,
          "column": 0
        },
        "end": {
          "line": 45,
          "column": 6
        }
      },
      "2": {
        "start": {
          "line": 45,
          "column": 13
        },
        "end": {
          "line": 45,
          "column": 22
        }
      }
    },
    "fnMap": {
      "0": {
        "name": "(anonymous_0)",
        "decl": {
          "start": {
            "line": 45,
            "column": 0
          },
          "end": {
            "line": 45,
            "column": 6
          }
        },
        "loc": {
          "start": {
            "line": 45,
            "column": 0
          },
          "end": {
            "line": 45,
            "column": 6
          }
        }
      }
    },
    "branchMap": {
      "0": {
        "loc": {
          "start": {
            "line": 45,
            "column": 13
          },
          "end": {
            "line": 45,
            "column": 22
          }
        },
        "type": "binary-expr",
        "locations": [
          {
            "start": {
              "line": 45,
              "column": 13
            },
            "end": {
              "line": 45,
              "column": 22
            }
          },
          {
            "start": {
              "line": 45,
              "column": 13
            },
            "end": {
              "line": 45,
              "column": 22
            }
          }
        ]
      }
    },
    "s": {
      "0": 13,
      "1": 26,
      "2": 13
    },
    "f": {
      "0": 13
    },
    "b": {
      "0": [
        13,
        13
      ]
    }
  },
  "C:\\Users\\jerom\\Projets\\Testez-une-application-full-stack\\front\\src\\environments\\environment.ts": {
    "path": "C:\\Users\\jerom\\Projets\\Testez-une-application-full-stack\\front\\src\\environments\\environment.ts",
    "statementMap": {
      "0": {
        "start": {
          "line": 1,
          "column": 27
        },
        "end": {
          "line": 1,
          "column": null
        }
      }
    },
    "fnMap": {},
    "branchMap": {},
    "s": {
      "0": 13
    },
    "f": {},
    "b": {}
  },
  "C:\\Users\\jerom\\Projets\\Testez-une-application-full-stack\\front\\src\\main.ts": {
    "path": "C:\\Users\\jerom\\Projets\\Testez-une-application-full-stack\\front\\src\\main.ts",
    "statementMap": {
      "0": {
        "start": {
          "line": 7,
          "column": 0
        },
        "end": {
          "line": 9,
          "column": null
        }
      },
      "1": {
        "start": {
          "line": 8,
          "column": 2
        },
        "end": {
          "line": 8,
          "column": null
        }
      },
      "2": {
        "start": {
          "line": 11,
          "column": 0
        },
        "end": {
          "line": 11,
          "column": 25
        }
      },
      "3": {
        "start": {
          "line": 12,
          "column": 16
        },
        "end": {
          "line": 12,
          "column": 23
        }
      }
    },
    "fnMap": {
      "0": {
        "name": "(anonymous_0)",
        "decl": {
          "start": {
            "line": 12,
            "column": 9
          },
          "end": {
            "line": 12,
            "column": 12
          }
        },
        "loc": {
          "start": {
            "line": 12,
            "column": 16
          },
          "end": {
            "line": 12,
            "column": 23
          }
        }
      }
    },
    "branchMap": {
      "0": {
        "loc": {
          "start": {
            "line": 7,
            "column": 0
          },
          "end": {
            "line": 9,
            "column": null
          }
        },
        "type": "if",
        "locations": [
          {
            "start": {
              "line": 7,
              "column": 0
            },
            "end": {
              "line": 9,
              "column": null
            }
          },
          {
            "start": {
              "line": 7,
              "column": 0
            },
            "end": {
              "line": 9,
              "column": null
            }
          }
        ]
      }
    },
    "s": {
      "0": 13,
      "1": 0,
      "2": 13,
      "3": 0
    },
    "f": {
      "0": 0
    },
    "b": {
      "0": [
        0,
        13
      ]
    }
  },
  "C:\\Users\\jerom\\Projets\\Testez-une-application-full-stack\\front\\src\\app\\features\\auth\\components\\login\\login.component.html": {
    "path": "C:\\Users\\jerom\\Projets\\Testez-une-application-full-stack\\front\\src\\app\\features\\auth\\components\\login\\login.component.html",
    "statementMap": {
      "0": {
        "start": {
          "line": 21,
          "column": 12
        },
        "end": {
          "line": 21,
          "column": 16
        }
      },
      "1": {
        "start": {
          "line": 21,
          "column": 45
        },
        "end": {
          "line": 21,
          "column": 62
        }
      },
      "2": {
        "start": {
          "line": 21,
          "column": 62
        },
        "end": {
          "line": 21,
          "column": null
        }
      },
      "3": {
        "start": {
          "line": 1,
          "column": 0
        },
        "end": {
          "line": 1,
          "column": 64
        }
      },
      "4": {
        "start": {
          "line": 4,
          "column": 28
        },
        "end": {
          "line": 4,
          "column": 33
        }
      },
      "5": {
        "start": {
          "line": 4,
          "column": 33
        },
        "end": {
          "line": 4,
          "column": null
        }
      },
      "6": {
        "start": {
          "line": 6,
          "column": 8
        },
        "end": {
          "line": 6,
          "column": 33
        }
      },
      "7": {
        "start": {
          "line": 6,
          "column": 52
        },
        "end": {
          "line": 6,
          "column": 64
        }
      },
      "8": {
        "start": {
          "line": 7,
          "column": 12
        },
        "end": {
          "line": 7,
          "column": 48
        }
      },
      "9": {
        "start": {
          "line": 9,
          "column": 20
        },
        "end": {
          "line": 9,
          "column": null
        }
      },
      "10": {
        "start": {
          "line": 10,
          "column": 16
        },
        "end": {
          "line": 10,
          "column": null
        }
      },
      "11": {
        "start": {
          "line": 11,
          "column": 16
        },
        "end": {
          "line": 11,
          "column": null
        }
      },
      "12": {
        "start": {
          "line": 12,
          "column": 20
        },
        "end": {
          "line": 12,
          "column": 36
        }
      },
      "13": {
        "start": {
          "line": 14,
          "column": 20
        },
        "end": {
          "line": 14,
          "column": 54
        }
      },
      "14": {
        "start": {
          "line": 14,
          "column": 54
        },
        "end": {
          "line": 14,
          "column": 77
        }
      },
      "15": {
        "start": {
          "line": 16,
          "column": 24
        },
        "end": {
          "line": 16,
          "column": 34
        }
      },
      "16": {
        "start": {
          "line": 16,
          "column": 34
        },
        "end": {
          "line": 16,
          "column": 76
        }
      },
      "17": {
        "start": {
          "line": 16,
          "column": 76
        },
        "end": {
          "line": 16,
          "column": null
        }
      },
      "18": {
        "start": {
          "line": 20,
          "column": 12
        },
        "end": {
          "line": 20,
          "column": 68
        }
      },
      "19": {
        "start": {
          "line": 20,
          "column": 94
        },
        "end": {
          "line": 20,
          "column": 100
        }
      },
      "20": {
        "start": {
          "line": 20,
          "column": 100
        },
        "end": {
          "line": 20,
          "column": null
        }
      },
      "21": {
        "start": {
          "line": 22,
          "column": 8
        },
        "end": {
          "line": 22,
          "column": null
        }
      },
      "22": {
        "start": {
          "line": 6,
          "column": 33
        },
        "end": {
          "line": 6,
          "column": 52
        }
      },
      "23": {
        "start": {
          "line": 12,
          "column": 36
        },
        "end": {
          "line": 12,
          "column": null
        }
      },
      "24": {
        "start": {
          "line": 14,
          "column": 77
        },
        "end": {
          "line": 14,
          "column": 112
        }
      },
      "25": {
        "start": {
          "line": 20,
          "column": 68
        },
        "end": {
          "line": 20,
          "column": 94
        }
      },
      "26": {
        "start": {
          "line": 21,
          "column": 16
        },
        "end": {
          "line": 21,
          "column": 45
        }
      }
    },
    "fnMap": {
      "0": {
        "name": "LoginComponent_Template_form_ngSubmit_5_listener",
        "decl": {
          "start": {
            "line": 6,
            "column": 52
          },
          "end": {
            "line": 6,
            "column": 64
          }
        },
        "loc": {
          "start": {
            "line": 6,
            "column": 52
          },
          "end": {
            "line": 6,
            "column": null
          }
        }
      },
      "1": {
        "name": "LoginComponent_Template_button_click_11_listener",
        "decl": {
          "start": {
            "line": 14,
            "column": 54
          },
          "end": {
            "line": 14,
            "column": 77
          }
        },
        "loc": {
          "start": {
            "line": 14,
            "column": 54
          },
          "end": {
            "line": 14,
            "column": 77
          }
        }
      }
    },
    "branchMap": {
      "0": {
        "loc": {
          "start": {
            "line": 12,
            "column": 36
          },
          "end": {
            "line": 12,
            "column": null
          }
        },
        "type": "cond-expr",
        "locations": [
          {
            "start": {
              "line": 12,
              "column": 36
            },
            "end": {
              "line": 12,
              "column": null
            }
          },
          {
            "start": {
              "line": 12,
              "column": 36
            },
            "end": {
              "line": 12,
              "column": null
            }
          }
        ]
      },
      "1": {
        "loc": {
          "start": {
            "line": 16,
            "column": 34
          },
          "end": {
            "line": 16,
            "column": 76
          }
        },
        "type": "cond-expr",
        "locations": [
          {
            "start": {
              "line": 16,
              "column": 34
            },
            "end": {
              "line": 16,
              "column": 76
            }
          },
          {
            "start": {
              "line": 16,
              "column": 34
            },
            "end": {
              "line": 16,
              "column": 76
            }
          }
        ]
      }
    },
    "s": {
      "0": 13,
      "1": 0,
      "2": 0,
      "3": 13,
      "4": 13,
      "5": 13,
      "6": 13,
      "7": 25,
      "8": 13,
      "9": 13,
      "10": 13,
      "11": 13,
      "12": 13,
      "13": 13,
      "14": 37,
      "15": 13,
      "16": 1025,
      "17": 13,
      "18": 13,
      "19": 13,
      "20": 13,
      "21": 13,
      "22": 1012,
      "23": 1012,
      "24": 1012,
      "25": 1012,
      "26": 1012
    },
    "f": {
      "0": 12,
      "1": 24
    },
    "b": {
      "0": [
        482,
        24
      ],
      "1": [
        482,
        24
      ]
    }
  },
  "C:\\Users\\jerom\\Projets\\Testez-une-application-full-stack\\front\\src\\app\\features\\auth\\components\\login\\login.component.ts": {
    "path": "C:\\Users\\jerom\\Projets\\Testez-une-application-full-stack\\front\\src\\app\\features\\auth\\components\\login\\login.component.ts",
    "statementMap": {
      "0": {
        "start": {
          "line": 14,
          "column": 0
        },
        "end": {
          "line": 14,
          "column": 6
        }
      },
      "1": {
        "start": {
          "line": 35,
          "column": 22
        },
        "end": {
          "line": 35,
          "column": null
        }
      },
      "2": {
        "start": {
          "line": 36,
          "column": 22
        },
        "end": {
          "line": 36,
          "column": null
        }
      },
      "3": {
        "start": {
          "line": 37,
          "column": 22
        },
        "end": {
          "line": 37,
          "column": null
        }
      },
      "4": {
        "start": {
          "line": 38,
          "column": 22
        },
        "end": {
          "line": 38,
          "column": 52
        }
      },
      "5": {
        "start": {
          "line": 15,
          "column": 9
        },
        "end": {
          "line": 15,
          "column": 16
        }
      },
      "6": {
        "start": {
          "line": 16,
          "column": 9
        },
        "end": {
          "line": 16,
          "column": 19
        }
      },
      "7": {
        "start": {
          "line": 18,
          "column": 9
        },
        "end": {
          "line": 18,
          "column": 16
        }
      },
      "8": {
        "start": {
          "line": 42,
          "column": 25
        },
        "end": {
          "line": 42,
          "column": null
        }
      },
      "9": {
        "start": {
          "line": 43,
          "column": 4
        },
        "end": {
          "line": 43,
          "column": 9
        }
      },
      "10": {
        "start": {
          "line": 45,
          "column": 8
        },
        "end": {
          "line": 45,
          "column": 13
        }
      },
      "11": {
        "start": {
          "line": 46,
          "column": 8
        },
        "end": {
          "line": 46,
          "column": 13
        }
      },
      "12": {
        "start": {
          "line": 48,
          "column": 22
        },
        "end": {
          "line": 48,
          "column": null
        }
      },
      "13": {
        "start": {
          "line": 14,
          "column": 13
        },
        "end": {
          "line": 14,
          "column": null
        }
      }
    },
    "fnMap": {
      "0": {
        "name": "(anonymous_1)",
        "decl": {
          "start": {
            "line": 14,
            "column": 0
          },
          "end": {
            "line": 14,
            "column": 6
          }
        },
        "loc": {
          "start": {
            "line": 14,
            "column": 0
          },
          "end": {
            "line": 14,
            "column": 6
          }
        }
      },
      "1": {
        "name": "(anonymous_2)",
        "decl": {
          "start": {
            "line": 35,
            "column": 2
          },
          "end": {
            "line": 35,
            "column": 22
          }
        },
        "loc": {
          "start": {
            "line": 38,
            "column": 52
          },
          "end": {
            "line": 39,
            "column": null
          }
        }
      },
      "2": {
        "name": "(anonymous_3)",
        "decl": {
          "start": {
            "line": 41,
            "column": 9
          },
          "end": {
            "line": 41,
            "column": 15
          }
        },
        "loc": {
          "start": {
            "line": 41,
            "column": 15
          },
          "end": {
            "line": 50,
            "column": null
          }
        }
      },
      "3": {
        "name": "(anonymous_4)",
        "decl": {
          "start": {
            "line": 44,
            "column": 13
          },
          "end": {
            "line": 44,
            "column": 45
          }
        },
        "loc": {
          "start": {
            "line": 44,
            "column": 45
          },
          "end": {
            "line": 47,
            "column": null
          }
        }
      },
      "4": {
        "name": "(anonymous_5)",
        "decl": {
          "start": {
            "line": 48,
            "column": 13
          },
          "end": {
            "line": 48,
            "column": 18
          }
        },
        "loc": {
          "start": {
            "line": 48,
            "column": 22
          },
          "end": {
            "line": 48,
            "column": null
          }
        }
      }
    },
    "branchMap": {
      "0": {
        "loc": {
          "start": {
            "line": 14,
            "column": 13
          },
          "end": {
            "line": 14,
            "column": 27
          }
        },
        "type": "binary-expr",
        "locations": [
          {
            "start": {
              "line": 14,
              "column": 13
            },
            "end": {
              "line": 14,
              "column": 27
            }
          },
          {
            "start": {
              "line": 14,
              "column": 13
            },
            "end": {
              "line": 14,
              "column": 27
            }
          }
        ]
      }
    },
    "s": {
      "0": 26,
      "1": 13,
      "2": 13,
      "3": 13,
      "4": 13,
      "5": 13,
      "6": 13,
      "7": 13,
      "8": 12,
      "9": 12,
      "10": 12,
      "11": 12,
      "12": 0,
      "13": 13
    },
    "f": {
      "0": 13,
      "1": 13,
      "2": 12,
      "3": 12,
      "4": 0
    },
    "b": {
      "0": [
        13,
        13
      ]
    }
  },
  "C:\\Users\\jerom\\Projets\\Testez-une-application-full-stack\\front\\src\\app\\features\\auth\\components\\register\\register.component.html": {
    "path": "C:\\Users\\jerom\\Projets\\Testez-une-application-full-stack\\front\\src\\app\\features\\auth\\components\\register\\register.component.html",
    "statementMap": {
      "0": {
        "start": {
          "line": 22,
          "column": 12
        },
        "end": {
          "line": 22,
          "column": 19
        }
      },
      "1": {
        "start": {
          "line": 22,
          "column": 52
        },
        "end": {
          "line": 22,
[...]
          }
        ]
      },
      "4": {
        "loc": {
          "start": {
            "line": 70,
            "column": 8
          },
          "end": {
            "line": 70,
            "column": null
          }
        },
        "type": "cond-expr",
        "locations": [
          {
            "start": {
              "line": 70,
              "column": 18
            },
            "end": {
              "line": 70,
              "column": 22
            }
          },
          {
            "start": {
              "line": 70,
              "column": 71
            },
            "end": {
              "line": 70,
              "column": null
            }
          }
        ]
      },
      "5": {
        "loc": {
          "start": {
            "line": 74,
            "column": 8
          },
          "end": {
            "line": 74,
            "column": null
          }
        },
        "type": "cond-expr",
        "locations": [
          {
            "start": {
              "line": 74,
              "column": 18
            },
            "end": {
              "line": 74,
              "column": 39
            }
          },
          {
            "start": {
              "line": 74,
              "column": 39
            },
            "end": {
              "line": 74,
              "column": null
            }
          }
        ]
      },
      "6": {
        "loc": {
          "start": {
            "line": 78,
            "column": 8
          },
          "end": {
            "line": 78,
            "column": null
          }
        },
        "type": "cond-expr",
        "locations": [
          {
            "start": {
              "line": 78,
              "column": 18
            },
            "end": {
              "line": 78,
              "column": 40
            }
          },
          {
            "start": {
              "line": 78,
              "column": 40
            },
            "end": {
              "line": 78,
              "column": null
            }
          }
        ]
      },
      "7": {
        "loc": {
          "start": {
            "line": 15,
            "column": 13
          },
          "end": {
            "line": 15,
            "column": 26
          }
        },
        "type": "binary-expr",
        "locations": [
          {
            "start": {
              "line": 15,
              "column": 13
            },
            "end": {
              "line": 15,
              "column": 26
            }
          },
          {
            "start": {
              "line": 15,
              "column": 13
            },
            "end": {
              "line": 15,
              "column": 26
            }
          }
        ]
      }
    },
    "s": {
      "0": 24,
      "1": 4,
      "2": 4,
      "3": 4,
      "4": 4,
      "5": 4,
      "6": 4,
      "7": 4,
      "8": 4,
      "9": 4,
      "10": 4,
      "11": 0,
      "12": 4,
      "13": 4,
      "14": 2,
      "15": 2,
      "16": 2,
      "17": 2,
      "18": 2,
      "19": 4,
      "20": 4,
      "21": 2,
      "22": 2,
      "23": 2,
      "24": 2,
      "25": 4,
      "26": 4,
      "27": 4,
      "28": 4
    },
    "f": {
      "0": 12,
      "1": 4,
      "2": 4,
      "3": 2,
      "4": 4,
      "5": 2,
      "6": 2,
      "7": 4,
      "8": 4
    },
    "b": {
      "0": [
        0,
        4
      ],
      "1": [
        2,
        2
      ],
      "2": [
        2,
        2
      ],
      "3": [
        2,
        2
      ],
      "4": [
        2,
        2
      ],
      "5": [
        2,
        2
      ],
      "6": [
        2,
        2
      ],
      "7": [
        4,
        4
      ]
    }
  },
  "C:\\Users\\jerom\\Projets\\Testez-une-application-full-stack\\front\\src\\app\\features\\sessions\\components\\list\\list.component.html": {
    "path": "C:\\Users\\jerom\\Projets\\Testez-une-application-full-stack\\front\\src\\app\\features\\sessions\\components\\list\\list.component.html",
    "statementMap": {
      "0": {
        "start": {
          "line": 5,
          "column": 6
        },
        "end": {
          "line": 5,
          "column": 15
        }
      },
      "1": {
        "start": {
          "line": 6,
          "column": 18
        },
        "end": {
          "line": 6,
          "column": 21
        }
      },
      "2": {
        "start": {
          "line": 6,
          "column": 21
        },
        "end": {
          "line": 6,
          "column": null
        }
      },
      "3": {
        "start": {
          "line": 7,
          "column": 8
        },
        "end": {
          "line": 7,
          "column": 26
        }
      },
      "4": {
        "start": {
          "line": 7,
          "column": 26
        },
        "end": {
          "line": 7,
          "column": 32
        }
      },
      "5": {
        "start": {
          "line": 7,
          "column": 32
        },
        "end": {
          "line": 7,
          "column": null
        }
      },
      "6": {
        "start": {
          "line": 31,
          "column": 10
        },
        "end": {
          "line": 31,
          "column": 19
        }
      },
      "7": {
        "start": {
          "line": 33,
          "column": 22
        },
        "end": {
          "line": 33,
          "column": 26
        }
      },
      "8": {
        "start": {
          "line": 33,
          "column": 26
        },
        "end": {
          "line": 33,
          "column": null
        }
      },
      "9": {
        "start": {
          "line": 34,
          "column": 12
        },
        "end": {
          "line": 34,
          "column": 30
        }
      },
      "10": {
        "start": {
          "line": 34,
          "column": 30
        },
        "end": {
          "line": 34,
          "column": 34
        }
      },
      "11": {
        "start": {
          "line": 34,
          "column": 34
        },
        "end": {
          "line": 34,
          "column": null
        }
      },
      "12": {
        "start": {
          "line": 32,
          "column": 18
        },
        "end": {
          "line": 32,
          "column": 55
        }
      },
      "13": {
        "start": {
          "line": 11,
          "column": 6
        },
        "end": {
          "line": 11,
          "column": 49
        }
      },
      "14": {
        "start": {
          "line": 13,
          "column": 26
        },
        "end": {
          "line": 13,
          "column": 44
        }
      },
      "15": {
        "start": {
          "line": 13,
          "column": 44
        },
        "end": {
          "line": 13,
          "column": null
        }
      },
      "16": {
        "start": {
          "line": 14,
          "column": 10
        },
        "end": {
          "line": 14,
          "column": null
        }
      },
      "17": {
        "start": {
          "line": 15,
          "column": 12
        },
        "end": {
          "line": 15,
          "column": null
        }
      },
      "18": {
        "start": {
          "line": 16,
          "column": 10
        },
        "end": {
          "line": 16,
          "column": null
        }
      },
      "19": {
        "start": {
          "line": 18,
          "column": 8
        },
        "end": {
          "line": 18,
          "column": null
        }
      },
      "20": {
        "start": {
          "line": 19,
          "column": 10
        },
        "end": {
          "line": 19,
          "column": null
        }
      },
      "21": {
        "start": {
          "line": 20,
          "column": 8
        },
        "end": {
          "line": 20,
          "column": null
        }
      },
      "22": {
        "start": {
          "line": 21,
          "column": 8
        },
        "end": {
          "line": 21,
          "column": 26
        }
      },
      "23": {
        "start": {
          "line": 23,
          "column": 12
        },
        "end": {
          "line": 23,
          "column": null
        }
      },
      "24": {
        "start": {
          "line": 24,
          "column": 10
        },
        "end": {
          "line": 24,
          "column": null
        }
      },
      "25": {
        "start": {
          "line": 26,
          "column": 8
        },
        "end": {
          "line": 26,
          "column": 26
        }
      },
      "26": {
        "start": {
          "line": 28,
          "column": 22
        },
        "end": {
          "line": 28,
          "column": 28
        }
      },
      "27": {
        "start": {
          "line": 28,
          "column": 28
        },
        "end": {
          "line": 28,
          "column": null
        }
      },
      "28": {
        "start": {
          "line": 29,
          "column": 12
        },
        "end": {
          "line": 29,
          "column": 30
        }
      },
      "29": {
        "start": {
          "line": 29,
          "column": 30
        },
        "end": {
          "line": 29,
          "column": 36
        }
      },
      "30": {
        "start": {
          "line": 29,
          "column": 36
        },
        "end": {
          "line": 29,
          "column": null
        }
      },
      "31": {
        "start": {
          "line": 36,
          "column": 8
        },
        "end": {
          "line": 36,
          "column": null
        }
      },
      "32": {
        "start": {
          "line": 27,
          "column": 52
        },
        "end": {
          "line": 27,
          "column": null
        }
      },
      "33": {
        "start": {
          "line": 31,
          "column": 19
        },
        "end": {
          "line": 31,
          "column": null
        }
      },
      "34": {
        "start": {
          "line": 1,
          "column": 0
        },
        "end": {
          "line": 1,
          "column": 18
        }
      },
      "35": {
        "start": {
          "line": 4,
          "column": 33
        },
        "end": {
          "line": 4,
          "column": 50
        }
      },
      "36": {
        "start": {
          "line": 4,
          "column": 50
        },
        "end": {
          "line": 4,
          "column": null
        }
      },
      "37": {
        "start": {
          "line": 9,
          "column": 4
        },
        "end": {
          "line": 9,
          "column": null
        }
      },
      "38": {
        "start": {
          "line": 10,
          "column": 4
        },
        "end": {
          "line": 10,
          "column": null
        }
      },
      "39": {
        "start": {
          "line": 38,
          "column": 4
        },
        "end": {
          "line": 38,
          "column": null
        }
      },
      "40": {
        "start": {
          "line": 5,
          "column": 15
        },
        "end": {
          "line": 5,
          "column": 88
        }
      },
      "41": {
        "start": {
          "line": 11,
          "column": 49
        },
        "end": {
          "line": 11,
          "column": 80
        }
      }
    },
    "fnMap": {},
    "branchMap": {},
    "s": {
      "0": 34,
      "1": 17,
      "2": 17,
      "3": 17,
      "4": 17,
      "5": 17,
      "6": 56,
      "7": 28,
      "8": 28,
      "9": 28,
      "10": 28,
      "11": 28,
      "12": 56,
      "13": 45,
      "14": 140,
      "15": 28,
      "16": 28,
      "17": 140,
      "18": 28,
      "19": 28,
      "20": 28,
      "21": 28,
      "22": 28,
      "23": 140,
      "24": 28,
      "25": 28,
      "26": 28,
      "27": 28,
      "28": 28,
      "29": 28,
      "30": 28,
      "31": 28,
      "32": 112,
      "33": 112,
      "34": 17,
      "35": 17,
      "36": 17,
      "37": 17,
      "38": 17,
      "39": 17,
      "40": 272,
      "41": 272
    },
    "f": {},
    "b": {}
  },
  "C:\\Users\\jerom\\Projets\\Testez-une-application-full-stack\\front\\src\\app\\features\\sessions\\components\\list\\list.component.ts": {
    "path": "C:\\Users\\jerom\\Projets\\Testez-une-application-full-stack\\front\\src\\app\\features\\sessions\\components\\list\\list.component.ts",
    "statementMap": {
      "0": {
        "start": {
          "line": 13,
          "column": 0
        },
        "end": {
          "line": 13,
          "column": 6
        }
      },
      "1": {
        "start": {
          "line": 18,
          "column": 12
        },
        "end": {
          "line": 18,
          "column": null
        }
      },
      "2": {
        "start": {
          "line": 19,
          "column": 12
        },
        "end": {
          "line": 19,
          "column": 48
        }
      },
      "3": {
        "start": {
          "line": 15,
          "column": 9
        },
        "end": {
          "line": 15,
          "column": 44
        }
      },
      "4": {
        "start": {
          "line": 23,
          "column": 4
        },
        "end": {
          "line": 23,
          "column": 11
        }
      },
      "5": {
        "start": {
          "line": 13,
          "column": 13
        },
        "end": {
          "line": 13,
          "column": null
        }
      }
    },
    "fnMap": {
      "0": {
        "name": "(anonymous_5)",
        "decl": {
          "start": {
            "line": 13,
            "column": 0
          },
          "end": {
            "line": 13,
            "column": 6
          }
        },
        "loc": {
          "start": {
            "line": 13,
            "column": 0
          },
          "end": {
            "line": 13,
            "column": 6
          }
        }
      },
      "1": {
        "name": "(anonymous_6)",
        "decl": {
          "start": {
            "line": 17,
            "column": 2
          },
          "end": {
            "line": 17,
            "column": null
          }
        },
        "loc": {
          "start": {
            "line": 19,
            "column": 48
          },
          "end": {
            "line": 20,
            "column": null
          }
        }
      },
      "2": {
        "name": "(anonymous_7)",
        "decl": {
          "start": {
            "line": 22,
            "column": 10
          },
          "end": {
            "line": 22,
            "column": null
          }
        },
        "loc": {
          "start": {
            "line": 22,
            "column": 10
          },
          "end": {
            "line": 24,
            "column": null
          }
        }
      }
    },
    "branchMap": {
      "0": {
        "loc": {
          "start": {
            "line": 13,
            "column": 13
          },
          "end": {
            "line": 13,
            "column": 26
          }
        },
        "type": "binary-expr",
        "locations": [
          {
            "start": {
              "line": 13,
              "column": 13
            },
            "end": {
              "line": 13,
              "column": 26
            }
          },
          {
            "start": {
              "line": 13,
              "column": 13
            },
            "end": {
              "line": 13,
              "column": 26
            }
          }
        ]
      }
    },
    "s": {
      "0": 24,
      "1": 17,
      "2": 17,
      "3": 17,
      "4": 192,
      "5": 17
    },
    "f": {
      "0": 12,
      "1": 17,
      "2": 192
    },
    "b": {
      "0": [
        17,
        17
      ]
    }
  },
  "C:\\Users\\jerom\\Projets\\Testez-une-application-full-stack\\front\\src\\app\\features\\sessions\\sessions-routing.module.ts": {
    "path": "C:\\Users\\jerom\\Projets\\Testez-une-application-full-stack\\front\\src\\app\\features\\sessions\\sessions-routing.module.ts",
    "statementMap": {
      "0": {
        "start": {
          "line": 7,
          "column": 23
        },
        "end": {
          "line": 7,
          "column": null
        }
      },
      "1": {
        "start": {
          "line": 18,
          "column": 0
        },
        "end": {
          "line": 18,
          "column": 6
        }
      },
      "2": {
        "start": {
          "line": 18,
          "column": 13
        },
        "end": {
          "line": 18,
          "column": 34
        }
      }
    },
    "fnMap": {
      "0": {
        "name": "(anonymous_0)",
        "decl": {
          "start": {
            "line": 18,
            "column": 0
          },
          "end": {
            "line": 18,
            "column": 6
          }
        },
        "loc": {
          "start": {
            "line": 18,
            "column": 0
          },
          "end": {
            "line": 18,
            "column": 6
          }
        }
      }
    },
    "branchMap": {
      "0": {
        "loc": {
          "start": {
            "line": 18,
            "column": 13
          },
          "end": {
            "line": 18,
            "column": 34
          }
        },
        "type": "binary-expr",
        "locations": [
          {
            "start": {
              "line": 18,
              "column": 13
            },
            "end": {
              "line": 18,
              "column": 34
            }
          },
          {
            "start": {
              "line": 18,
              "column": 13
            },
            "end": {
              "line": 18,
              "column": 34
            }
          }
        ]
      }
    },
    "s": {
      "0": 12,
      "1": 24,
      "2": 12
    },
    "f": {
      "0": 12
    },
    "b": {
      "0": [
        12,
        12
      ]
    }
  },
  "C:\\Users\\jerom\\Projets\\Testez-une-application-full-stack\\front\\src\\app\\features\\sessions\\sessions.module.ts": {
    "path": "C:\\Users\\jerom\\Projets\\Testez-une-application-full-stack\\front\\src\\app\\features\\sessions\\sessions.module.ts",
    "statementMap": {
      "0": {
        "start": {
          "line": 17,
          "column": 0
        },
        "end": {
          "line": 17,
          "column": 18
        }
      },
      "1": {
        "start": {
          "line": 19,
          "column": 24
        },
        "end": {
          "line": 19,
          "column": null
        }
      },
      "2": {
        "start": {
          "line": 43,
          "column": 0
        },
        "end": {
          "line": 43,
          "column": 6
        }
      },
      "3": {
        "start": {
          "line": 43,
          "column": 13
        },
        "end": {
          "line": 43,
          "column": 27
        }
      }
    },
    "fnMap": {
      "0": {
        "name": "(anonymous_0)",
        "decl": {
          "start": {
            "line": 43,
            "column": 0
          },
          "end": {
            "line": 43,
            "column": 6
          }
        },
        "loc": {
          "start": {
            "line": 43,
            "column": 0
          },
          "end": {
            "line": 43,
            "column": 6
          }
        }
      }
    },
    "branchMap": {
      "0": {
        "loc": {
          "start": {
            "line": 43,
            "column": 13
          },
          "end": {
            "line": 43,
            "column": 27
          }
        },
        "type": "binary-expr",
        "locations": [
          {
            "start": {
              "line": 43,
              "column": 13
            },
            "end": {
              "line": 43,
              "column": 27
            }
          },
          {
            "start": {
              "line": 43,
              "column": 13
            },
            "end": {
              "line": 43,
              "column": 27
            }
          }
        ]
      }
    },
    "s": {
      "0": 12,
      "1": 12,
      "2": 24,
      "3": 12
    },
    "f": {
      "0": 12
    },
    "b": {
      "0": [
        12,
        12
      ]
    }
  }
}